<?xml version='1.0' encoding='UTF-8'?>
<testsuite hostname="MacBook-Air-49.local" name="ass2.GameTreeTest" tests="3" errors="0" failures="3" skipped="0" time="0.004" timestamp="2024-11-16T01:07:21">
          <properties>
      <property name="java.specification.version" value="19"/><property name="sun.jnu.encoding" value="UTF-8"/><property name="sun.arch.data.model" value="64"/><property name="java.vendor.url" value="https://java.oracle.com/"/><property name="sun.boot.library.path" value="/Library/Java/JavaVirtualMachines/jdk-19.jdk/Contents/Home/lib"/><property name="sun.java.command" value="/Users/kurtislam/Library/Caches/Coursier/arc/https/github.com/sbt/sbt/releases/download/v1.10.1/sbt-1.10.1.zip/sbt/bin/sbt-launch.jar"/><property name="jdk.debug" value="release"/><property name="java.specification.vendor" value="Oracle Corporation"/><property name="java.version.date" value="2023-01-17"/><property name="java.home" value="/Library/Java/JavaVirtualMachines/jdk-19.jdk/Contents/Home"/><property name="file.separator" value="/"/><property name="java.vm.compressedOopsMode" value="Zero based"/><property name="line.separator" value="
"/><property name="java.vm.specification.vendor" value="Oracle Corporation"/><property name="java.specification.name" value="Java Platform API Specification"/><property name="sun.management.compiler" value="HotSpot 64-Bit Tiered Compilers"/><property name="java.runtime.version" value="19.0.2+7-44"/><property name="user.name" value="kurtislam"/><property name="log4j.ignoreTCL" value="true"/><property name="file.encoding" value="UTF-8"/><property name="java.io.tmpdir" value="/var/folders/vr/08gdh4dn3cl6z60sxkbb__780000gn/T/"/><property name="java.version" value="19.0.2"/><property name="java.vm.specification.name" value="Java Virtual Machine Specification"/><property name="native.encoding" value="UTF-8"/><property name="java.library.path" value="/Users/kurtislam/Library/Java/Extensions:/Library/Java/Extensions:/Network/Library/Java/Extensions:/System/Library/Java/Extensions:/usr/lib/java:."/><property name="stderr.encoding" value="UTF-8"/><property name="java.vendor" value="Oracle Corporation"/><property name="scala.ext.dirs" value="/Users/kurtislam/.sbt/1.0/java9-rt-ext-oracle_corporation_19_0_2"/><property name="sun.io.unicode.encoding" value="UnicodeBig"/><property name="socksNonProxyHosts" value="local|*.local|169.254/16|*.169.254/16"/><property name="java.class.path" value="/Users/kurtislam/Library/Caches/Coursier/arc/https/github.com/sbt/sbt/releases/download/v1.10.1/sbt-1.10.1.zip/sbt/bin/sbt-launch.jar"/><property name="java.vm.vendor" value="Oracle Corporation"/><property name="jline.shutdownhook" value="false"/><property name="user.timezone" value="Asia/Hong_Kong"/><property name="java.vm.specification.version" value="19"/><property name="os.name" value="Mac OS X"/><property name="sun.java.launcher" value="SUN_STANDARD"/><property name="user.country" value="GB"/><property name="http.nonProxyHosts" value="local|*.local|169.254/16|*.169.254/16"/><property name="sun.cpu.endian" value="little"/><property name="user.home" value="/Users/kurtislam"/><property name="user.language" value="en"/><property name="sbt.script" value="/Users/kurtislam/Library/Caches/Coursier/arc/https/github.com/sbt/sbt/releases/download/v1.10.1/sbt-1.10.1.zip/sbt/bin/sbt"/><property name="sbt.ipcsocket.tmpdir" value="/var/folders/vr/08gdh4dn3cl6z60sxkbb__780000gn/T/.sbt8aa4f302/ipcsocket"/><property name="swoval.tmpdir" value="/var/folders/vr/08gdh4dn3cl6z60sxkbb__780000gn/T/.sbt8aa4f302/swoval"/><property name="apple.awt.application.name" value="Boot"/><property name="jline.esc.timeout" value="0"/><property name="ftp.nonProxyHosts" value="local|*.local|169.254/16|*.169.254/16"/><property name="stdout.encoding" value="UTF-8"/><property name="path.separator" value=":"/><property name="os.version" value="14.6.1"/><property name="jna.nosys" value="true"/><property name="java.runtime.name" value="Java(TM) SE Runtime Environment"/><property name="java.vm.name" value="Java HotSpot(TM) 64-Bit Server VM"/><property name="java.vendor.url.bug" value="https://bugreport.java.com/bugreport/"/><property name="user.dir" value="/Users/kurtislam/GitHub/Principles_Of_ProgrammingLanguage_COMP3031/Assignments/ass2"/><property name="os.arch" value="aarch64"/><property name="java.vm.info" value="mixed mode, sharing"/><property name="java.vm.version" value="19.0.2+7-44"/><property name="java.class.version" value="63.0"/>
    </properties>
          <testcase classname="ass2.GameTreeTest" name="createTree should create a tree with one node for a full board" time="0.004">
                      <failure message="an implementation is missing" type="scala.NotImplementedError">scala.NotImplementedError: an implementation is missing
	at munit.FunSuite.assert(FunSuite.scala:11)
	at ass2.GameTreeTest.$init$$$anonfun$1(GameTreeSuite.scala:30)
</failure>
                    </testcase><testcase classname="ass2.GameTreeTest" name="createTree should create a tree with one node for the given board" time="0.0">
                      <failure message="an implementation is missing" type="scala.NotImplementedError">scala.NotImplementedError: an implementation is missing
	at munit.FunSuite.assert(FunSuite.scala:11)
	at ass2.GameTreeTest.$init$$$anonfun$2(GameTreeSuite.scala:45)
</failure>
                    </testcase><testcase classname="ass2.GameTreeTest" name="createTree should create a tree with 8 nodes for the given board" time="0.0">
                      <failure message="an implementation is missing" type="scala.NotImplementedError">scala.NotImplementedError: an implementation is missing
	at scala.Predef$.$qmark$qmark$qmark(Predef.scala:344)
	at ass2.tictactoe.TicTacToe$.gameOver(TicTacToe.scala:38)
	at ass2.tictactoe.TicTacToe$.gameOver(TicTacToe.scala:38)
	at ass2.GameTree.rec$1(GameTree.scala:18)
	at ass2.GameTree.createTree(GameTree.scala:24)
	at ass2.GameTree.createTree$(GameTree.scala:4)
	at ass2.GameTreeTest$TestGameTree$.createTree(GameTreeSuite.scala:6)
	at ass2.GameTreeTest.$init$$$anonfun$3(GameTreeSuite.scala:66)
</failure>
                    </testcase>
          <system-out><![CDATA[]]></system-out>
          <system-err><![CDATA[]]></system-err>
        </testsuite>